<?xml version="1.0" encoding="UTF-8"?>
<!-- Generated by org.testng.reporters.JUnitReportReporter -->
<testsuite hostname="RANJIT" failures="0" tests="1" name="PurchaseOrderTestScript.CancelledOrderDropdownStatusTest" time="13.603" errors="0" timestamp="2022-01-19T17:03:10 IST" skipped="0">
  <testcase classname="PurchaseOrderTestScript.CancelledOrderDropdownStatusTest" name="cancelledOrder" time="13.603"/>
  <system-out/>
</testsuite> <!-- PurchaseOrderTestScript.CancelledOrderDropdownStatusTest -->
