<?xml version="1.0" encoding="UTF-8"?>
<!-- Generated by org.testng.reporters.JUnitReportReporter -->
<testsuite hostname="RANJIT" failures="0" tests="1" name="PurchaseOrderTestScript.DeliveredOrderDropdownStatusTest" time="14.477" errors="0" timestamp="2022-01-19T17:02:32 IST" skipped="0">
  <testcase classname="PurchaseOrderTestScript.DeliveredOrderDropdownStatusTest" name="deliveredOrder" time="14.477"/>
  <system-out/>
</testsuite> <!-- PurchaseOrderTestScript.DeliveredOrderDropdownStatusTest -->
