<?xml version="1.0" encoding="UTF-8"?>
<!-- Generated by org.testng.reporters.JUnitReportReporter -->
<testsuite hostname="RANJIT" failures="0" tests="3" name="practice.CreateOrg" time="0.017" errors="0" timestamp="2022-01-18T12:02:15 IST" skipped="0">
  <testcase classname="practice.CreateOrg" name="organization" time="0.013"/>
  <system-out/>
  <testcase classname="practice.CreateOrg" name="contact" time="0.001"/>
  <system-out/>
  <testcase classname="practice.CreateOrg" name="product" time="0.003"/>
  <system-out/>
</testsuite> <!-- practice.CreateOrg -->
