<?xml version="1.0" encoding="UTF-8"?>
<!-- Generated by org.testng.reporters.JUnitReportReporter -->
<testsuite hostname="RANJIT" failures="0" tests="1" name="PurchaseOrderTestScript.CreatedOrderDropdownStatusTest" time="16.412" errors="0" timestamp="2022-01-19T16:56:58 IST" skipped="0">
  <testcase classname="PurchaseOrderTestScript.CreatedOrderDropdownStatusTest" name="createdOrder" time="16.412"/>
  <system-out/>
</testsuite> <!-- PurchaseOrderTestScript.CreatedOrderDropdownStatusTest -->
