<?xml version="1.0" encoding="UTF-8"?>
<!-- Generated by org.testng.reporters.JUnitReportReporter -->
<testsuite hostname="RANJIT" failures="0" tests="1" name="PurchaseOrderTestScript.ReceivedShipmentOrderDropdownStatusTest" time="14.667" errors="0" timestamp="2022-01-19T17:04:28 IST" skipped="0">
  <testcase classname="PurchaseOrderTestScript.ReceivedShipmentOrderDropdownStatusTest" name="receivedShipmentOrder" time="14.667"/>
  <system-out/>
</testsuite> <!-- PurchaseOrderTestScript.ReceivedShipmentOrderDropdownStatusTest -->
