<?xml version="1.0" encoding="UTF-8"?>
<!-- Generated by org.testng.reporters.JUnitReportReporter -->
<testsuite hostname="RANJIT" failures="0" tests="1" name="practice.CreateOrganizationTest" time="13.065" errors="0" timestamp="2022-01-19T11:38:41 IST" skipped="0">
  <testcase classname="practice.CreateOrganizationTest" name="createOrganization" time="13.065"/>
  <system-out/>
</testsuite> <!-- practice.CreateOrganizationTest -->
